<?xml version="1.0" encoding="UTF-8"?>
<testng-results skipped="0" failed="0" total="1" passed="1">
  <reporter-output>
  </reporter-output>
  <suite name="Default suite" duration-ms="37729" started-at="2020-04-15T16:03:50Z" finished-at="2020-04-15T16:04:28Z">
    <groups>
    </groups>
    <test name="Default test" duration-ms="37729" started-at="2020-04-15T16:03:50Z" finished-at="2020-04-15T16:04:28Z">
      <class name="com.qa.testcases.Testing">
        <test-method status="PASS" signature="test()[pri:0, instance:com.qa.testcases.Testing@256216b3]" name="test" duration-ms="37713" started-at="2020-04-15T21:33:50Z" finished-at="2020-04-15T21:34:28Z">
          <reporter-output>
          </reporter-output>
        </test-method> <!-- test -->
      </class> <!-- com.qa.testcases.Testing -->
    </test> <!-- Default test -->
  </suite> <!-- Default suite -->
</testng-results>
